<?xml version='1.0' encoding='UTF-8'?>
<testsuite hostname="Patricks-Air.cust.communityfibre.co.uk" name="utils.StringTest" tests="1" errors="0" failures="0" skipped="0" time="0.01" timestamp="2023-03-17T09:51:21">
          <properties>
[...]
</properties>
          <testcase classname="utils.StringTest" name="Strings when given 4 should return 5" time="0.01">
                      
                    </testcase>
          <system-out><![CDATA[]]></system-out>
          <system-err><![CDATA[]]></system-err>
        </testsuite>